Python 3.7.4 (default, Aug 13 2019, 20:35:49) 
Type 'copyright', 'credits' or 'license' for more information
IPython 7.8.0 -- An enhanced Interactive Python. Type '?' for help.

In [1]: Process video ( 1 / 113 ) 46_VNvb5oLOpLg_00145.pkl
Loading...
done
Processing...
/home/christoph/anaconda3/envs/ivu/lib/python3.7/site-packages/skimage/util/dtype.py:135: UserWarning: Possible precision loss when converting from float64 to uint8
  .format(dtypeobj_in, dtypeobj_out))
done
Process video ( 2 / 113 ) 35_cYkUl8MrXgA_00010.pkl
Loading...
done
Processing...
done
Process video ( 3 / 113 ) 44_VNvb5oLOpLg_00389.pkl
Loading...
done
Processing...
done
Process video ( 4 / 113 ) 34_JzOshOJgofw_00147.pkl
Loading...
done
Processing...
done
Process video ( 5 / 113 ) 33_mGbuP7nT2ck_00084.pkl
Loading...
done
Processing...
done
Process video ( 6 / 113 ) 7_xbQCwTHcGN8_00032.pkl
Loading...
done
Processing...
done
Process video ( 7 / 113 ) 19_VNvb5oLOpLg_00133.pkl
Loading...
done
Processing...
done
Process video ( 8 / 113 ) 26_xbQCwTHcGN8_00098.pkl
Loading...
done
Processing...
done
Process video ( 9 / 113 ) 15_JzOshOJgofw_00017.pkl
Loading...
done
Processing...
done
Process video ( 10 / 113 ) 15_siEI_jaSmd4_00019.pkl
Loading...
done
Processing...
done
Process video ( 11 / 113 ) 15_siEI_jaSmd4_00031.pkl
Loading...
done
Processing...
done
Process video ( 12 / 113 ) 45_kVT_sNgYBAE_00051.pkl
Loading...
done
Processing...
done
Process video ( 13 / 113 ) 46_JzOshOJgofw_00050.pkl
Loading...
done
Processing...
done
Process video ( 14 / 113 ) 28_Y4ARBzok9aU_00090.pkl
Loading...
done
Processing...
done
Process video ( 15 / 113 ) 46_VNvb5oLOpLg_00238.pkl
Loading...
done
Processing...
done
Process video ( 16 / 113 ) 27_VNvb5oLOpLg_00323.pkl
Loading...
done
Processing...
done
Process video ( 17 / 113 ) 45__tigfCJFLZg_00321.pkl
Loading...
done
Processing...
done
Process video ( 18 / 113 ) 19_siEI_jaSmd4_00081.pkl
Loading...
done
Processing...
done
Process video ( 19 / 113 ) 28_Bb0ZiYVNtDs_00077.pkl
Loading...
done
Processing...
done
Process video ( 20 / 113 ) 31_VNvb5oLOpLg_00246.pkl
Loading...
done
Processing...
done
Process video ( 21 / 113 ) 31_VNvb5oLOpLg_00111.pkl
Loading...
done
Processing...
done
Process video ( 22 / 113 ) 35_9BC6ssCjyfg_00138.pkl
Loading...
done
Processing...
done
Process video ( 23 / 113 ) 15_sk8TafuB3lU_00109.pkl
Loading...
done
Processing...
done
Process video ( 24 / 113 ) 45_xbQCwTHcGN8_00263.pkl
Loading...
done
Processing...
done
Process video ( 25 / 113 ) 15_VNvb5oLOpLg_00098.pkl
Loading...
done
Processing...
done
Process video ( 26 / 113 ) 26__tigfCJFLZg_00115.pkl
Loading...
done
Processing...
done
Process video ( 27 / 113 ) 7_Bb0ZiYVNtDs_00174.pkl
Loading...
done
Processing...
done
Process video ( 28 / 113 ) 45_Bb0ZiYVNtDs_00169.pkl
Loading...
done
Processing...
done
Process video ( 29 / 113 ) 44_JzOshOJgofw_00230.pkl
Loading...
done
Processing...
done
Process video ( 30 / 113 ) 12_cYkUl8MrXgA_00292.pkl
Loading...
done
Processing...
done
Process video ( 31 / 113 ) 15_VNvb5oLOpLg_00175.pkl
Loading...
done
Processing...
/home/christoph/Telematik/IVU/practicals/Image-and-video-understanding/src/stvi_class/featureextraction.py:173: RuntimeWarning: divide by zero encountered in log
  log_hu_moments = np.log(np.abs(hu_moments))
done
Process video ( 32 / 113 ) 31_VNvb5oLOpLg_00282.pkl
Loading...
done
Processing...
done
Process video ( 33 / 113 ) 35_cYkUl8MrXgA_00185.pkl
Loading...
done
Processing...
done
Process video ( 34 / 113 ) 33_JzOshOJgofw_00172.pkl
Loading...
done
Processing...
done
Process video ( 35 / 113 ) 46_sk8TafuB3lU_00782.pkl
Loading...
done
Processing...
done
Process video ( 36 / 113 ) 31_sk8TafuB3lU_00707.pkl
Loading...
done
Processing...
done
Process video ( 37 / 113 ) 15_sk8TafuB3lU_00825.pkl
Loading...
done
Processing...
done
Process video ( 38 / 113 ) 28_cYkUl8MrXgA_00134.pkl
Loading...
done
Processing...
done
Process video ( 39 / 113 ) 35_xbQCwTHcGN8_00185.pkl
Loading...
done
Processing...
done
Process video ( 40 / 113 ) 33_VNvb5oLOpLg_00454.pkl
Loading...
done
Processing...
done
Process video ( 41 / 113 ) 45__tigfCJFLZg_00384.pkl
Loading...
done
Processing...
done
Process video ( 42 / 113 ) 19_VNvb5oLOpLg_00017.pkl
Loading...
done
Processing...
done
Process video ( 43 / 113 ) 11_Y4ARBzok9aU_00149.pkl
Loading...
done
Processing...
done
Process video ( 44 / 113 ) 46_JzOshOJgofw_00045.pkl
Loading...
done
Processing...
done
Process video ( 45 / 113 ) 35_xbQCwTHcGN8_00251.pkl
Loading...
done
Processing...
done
Process video ( 46 / 113 ) 26_Bb0ZiYVNtDs_00039.pkl
Loading...
done
Processing...
done
Process video ( 47 / 113 ) 26_cYkUl8MrXgA_00124.pkl
Loading...
done
Processing...
done
Process video ( 48 / 113 ) 11_cYkUl8MrXgA_00271.pkl
Loading...
done
Processing...
done
Process video ( 49 / 113 ) 34_VNvb5oLOpLg_00349.pkl
Loading...
done
Processing...
done
Process video ( 50 / 113 ) 34_VNvb5oLOpLg_00435.pkl
Loading...
done
Processing...
done
Process video ( 51 / 113 ) 35_xbQCwTHcGN8_00174.pkl
Loading...
done
Processing...
done
Process video ( 52 / 113 ) 45_xbQCwTHcGN8_00179.pkl
Loading...
done
Processing...
done
Process video ( 53 / 113 ) 7_xbQCwTHcGN8_00034.pkl
Loading...
done
Processing...
done
Process video ( 54 / 113 ) 13_V5parOfpuEQ_00205.pkl
Loading...
done
Processing...
done
Process video ( 55 / 113 ) 31_VNvb5oLOpLg_00084.pkl
Loading...
done
Processing...
done
Process video ( 56 / 113 ) 15_VNvb5oLOpLg_00021.pkl
Loading...
done
Processing...
done
Process video ( 57 / 113 ) 15_JzOshOJgofw_00054.pkl
Loading...
done
Processing...
done
Process video ( 58 / 113 ) 46_JzOshOJgofw_00088.pkl
Loading...
done
Processing...
done
Process video ( 59 / 113 ) 33_3PLiUG_DuC8_00015.pkl
Loading...
done
Processing...
done
Process video ( 60 / 113 ) 35_xbQCwTHcGN8_00008.pkl
Loading...
done
Processing...
done
Process video ( 61 / 113 ) 19_VNvb5oLOpLg_00073.pkl
Loading...
done
Processing...
done
Process video ( 62 / 113 ) 12_V5parOfpuEQ_00169.pkl
Loading...
done
Processing...
done
Process video ( 63 / 113 ) 12_kVT_sNgYBAE_00086.pkl
Loading...
done
Processing...
done
Process video ( 64 / 113 ) 7__tigfCJFLZg_00259.pkl
Loading...
done
Processing...
done
Process video ( 65 / 113 ) 35_xbQCwTHcGN8_00254.pkl
Loading...
done
Processing...
done
Process video ( 66 / 113 ) 30_nOlRwoxsDJ0_00586.pkl
Loading...
done
Processing...
done
Process video ( 67 / 113 ) 19_siEI_jaSmd4_00000.pkl
Loading...
done
Processing...
done
Process video ( 68 / 113 ) 7_xbQCwTHcGN8_00035.pkl
Loading...
done
Processing...
done
Process video ( 69 / 113 ) 43_Bb0ZiYVNtDs_00073.pkl
Loading...
done
Processing...
done
Process video ( 70 / 113 ) 15_VNvb5oLOpLg_00115.pkl
Loading...
done
Processing...
done
Process video ( 71 / 113 ) 34_JzOshOJgofw_00157.pkl
Loading...
done
Processing...
done
Process video ( 72 / 113 ) 26__tigfCJFLZg_00184.pkl
Loading...
done
Processing...
done
Process video ( 73 / 113 ) 34_VNvb5oLOpLg_00327.pkl
Loading...
done
Processing...
done
Process video ( 74 / 113 ) 35_xbQCwTHcGN8_00003.pkl
Loading...
done
Processing...
done
Process video ( 75 / 113 ) 24_JzOshOJgofw_00191.pkl
Loading...
done
Processing...
done
Process video ( 76 / 113 ) 28_xbQCwTHcGN8_00242.pkl
Loading...
done
Processing...
done
Process video ( 77 / 113 ) 35__tigfCJFLZg_00296.pkl
Loading...
done
Processing...
done
Process video ( 78 / 113 ) 14_cYkUl8MrXgA_00372.pkl
Loading...
done
Processing...
done
Process video ( 79 / 113 ) 15_JzOshOJgofw_00025.pkl
Loading...
done
Processing...
done
Process video ( 80 / 113 ) 45_Y4ARBzok9aU_00084.pkl
Loading...
done
Processing...
done
Process video ( 81 / 113 ) 7__tigfCJFLZg_00213.pkl
Loading...
done
Processing...
done
Process video ( 82 / 113 ) 43_xbQCwTHcGN8_00055.pkl
Loading...
done
Processing...
done
Process video ( 83 / 113 ) 35_cYkUl8MrXgA_00158.pkl
Loading...
done
Processing...
done
Process video ( 84 / 113 ) 35_Bb0ZiYVNtDs_00125.pkl
Loading...
done
Processing...
done
Process video ( 85 / 113 ) 15_JzOshOJgofw_00057.pkl
Loading...
done
Processing...
done
Process video ( 86 / 113 ) 31_VNvb5oLOpLg_00201.pkl
Loading...
done
Processing...
done
Process video ( 87 / 113 ) 45_9BC6ssCjyfg_00151.pkl
Loading...
done
Processing...
done
Process video ( 88 / 113 ) 34_JzOshOJgofw_00251.pkl
Loading...
done
Processing...
done
Process video ( 89 / 113 ) 26_xbQCwTHcGN8_00065.pkl
Loading...
done
Processing...
done
Process video ( 90 / 113 ) 7_xbQCwTHcGN8_00022.pkl
Loading...
done
Processing...
done
Process video ( 91 / 113 ) 26_9BC6ssCjyfg_00101.pkl
Loading...
done
Processing...
done
Process video ( 92 / 113 ) 28_cYkUl8MrXgA_00136.pkl
Loading...
done
Processing...
done
Process video ( 93 / 113 ) 15_VNvb5oLOpLg_00071.pkl
Loading...
done
Processing...
done
Process video ( 94 / 113 ) 35_kVT_sNgYBAE_00108.pkl
Loading...
done
Processing...
done
Process video ( 95 / 113 ) 7_V5parOfpuEQ_00241.pkl
Loading...
done
Processing...
done
Process video ( 96 / 113 ) 28_V5parOfpuEQ_00182.pkl
Loading...
done
Processing...
done
Process video ( 97 / 113 ) 26_JzOshOJgofw_00167.pkl
Loading...
done
Processing...
done
Process video ( 98 / 113 ) 7_xbQCwTHcGN8_00112.pkl
Loading...
done
Processing...
done
Process video ( 99 / 113 ) 46_VNvb5oLOpLg_00085.pkl
Loading...
done
Processing...
done
Process video ( 100 / 113 ) 45_cYkUl8MrXgA_00311.pkl
Loading...
done
Processing...
done
Process video ( 101 / 113 ) 14_V5parOfpuEQ_00157.pkl
Loading...
done
Processing...
done
Process video ( 102 / 113 ) 35_cYkUl8MrXgA_00260.pkl
Loading...
done
Processing...
done
Process video ( 103 / 113 ) 35_mGbuP7nT2ck_00016.pkl
Loading...
done
Processing...
done
Process video ( 104 / 113 ) 12_cYkUl8MrXgA_00378.pkl
Loading...
done
Processing...
done
Process video ( 105 / 113 ) 15_VNvb5oLOpLg_00165.pkl
Loading...
done
Processing...
done
Process video ( 106 / 113 ) 28_V5parOfpuEQ_00181.pkl
Loading...
done
Processing...
done
Process video ( 107 / 113 ) 33__tigfCJFLZg_00022.pkl
Loading...
done
Processing...
done
Process video ( 108 / 113 ) 19_siEI_jaSmd4_00011.pkl
Loading...
done
Processing...
done
Process video ( 109 / 113 ) 35_cYkUl8MrXgA_00001.pkl
Loading...
done
Processing...
done
Process video ( 110 / 113 ) 26__tigfCJFLZg_00124.pkl
Loading...
done
Processing...
done
Process video ( 111 / 113 ) 15_VNvb5oLOpLg_00116.pkl
Loading...
done
Processing...
done
Process video ( 112 / 113 ) 7_c7FHotPDZIw_00041.pkl
Loading...
done
Processing...
done
Process video ( 113 / 113 ) 15_JzOshOJgofw_00033.pkl
Loading...
done
Processing...
done

In [2]: 